<?xml version="1.0" encoding="UTF-8"?>
<coverage generated="1599414004562" clover="3.2.0">
  <project timestamp="1599414004563" name="All files">
    <metrics statements="73" coveredstatements="47" conditionals="12" coveredconditionals="2" methods="17" coveredmethods="15" elements="102" coveredelements="64" complexity="0" loc="73" ncloc="73" packages="3" files="10" classes="10">
      <package name="src">
        <metrics statements="3" coveredstatements="3" conditionals="0" coveredconditionals="0" methods="0" coveredmethods="0"/>
        <file name="App.vue" path="F:\Assignments\My Git Projects\bismillah\vue-movies-master\src\App.vue">
          <metrics statements="2" coveredstatements="2" conditionals="0" coveredconditionals="0" methods="0" coveredmethods="0"/>
          <line num="17" count="1" type="stmt"/>
          <line num="18" count="1" type="stmt"/>
        </file>
        <file name="router.js" path="F:\Assignments\My Git Projects\bismillah\vue-movies-master\src\router.js">
          <metrics statements="1" coveredstatements="1" conditionals="0" coveredconditionals="0" methods="0" coveredmethods="0"/>
          <line num="7" count="1" type="stmt"/>
        </file>
      </package>
      <package name="src.components">
        <metrics statements="10" coveredstatements="5" conditionals="2" coveredconditionals="0" methods="0" coveredmethods="0"/>
        <file name="Header.vue" path="F:\Assignments\My Git Projects\bismillah\vue-movies-master\src\components\Header.vue">
          <metrics statements="2" coveredstatements="2" conditionals="0" coveredconditionals="0" methods="0" coveredmethods="0"/>
          <line num="19" count="2" type="stmt"/>
          <line num="25" count="3" type="stmt"/>
        </file>
        <file name="ItemList.vue" path="F:\Assignments\My Git Projects\bismillah\vue-movies-master\src\components\ItemList.vue">
          <metrics statements="1" coveredstatements="1" conditionals="0" coveredconditionals="0" methods="0" coveredmethods="0"/>
          <line num="13" count="4" type="stmt"/>
        </file>
        <file name="ItemListMore.vue" path="F:\Assignments\My Git Projects\bismillah\vue-movies-master\src\components\ItemListMore.vue">
          <metrics statements="1" coveredstatements="1" conditionals="0" coveredconditionals="0" methods="0" coveredmethods="0"/>
          <line num="15" count="1" type="stmt"/>
        </file>
        <file name="Search.vue" path="F:\Assignments\My Git Projects\bismillah\vue-movies-master\src\components\Search.vue">
          <metrics statements="5" coveredstatements="1" conditionals="2" coveredconditionals="0" methods="0" coveredmethods="0"/>
          <line num="21" count="5" type="stmt"/>
          <line num="27" count="0" type="cond" truecount="0" falsecount="2"/>
          <line num="28" count="0" type="stmt"/>
          <line num="29" count="0" type="stmt"/>
          <line num="33" count="0" type="stmt"/>
        </file>
        <file name="TvCard.vue" path="F:\Assignments\My Git Projects\bismillah\vue-movies-master\src\components\TvCard.vue">
          <metrics statements="1" coveredstatements="0" conditionals="0" coveredconditionals="0" methods="0" coveredmethods="0"/>
          <line num="24" count="0" type="stmt"/>
        </file>
      </package>
      <package name="src.views">
        <metrics statements="60" coveredstatements="39" conditionals="10" coveredconditionals="2" methods="17" coveredmethods="15"/>
        <file name="DetailsView.vue" path="F:\Assignments\My Git Projects\bismillah\vue-movies-master\src\views\DetailsView.vue">
          <metrics statements="10" coveredstatements="9" conditionals="0" coveredconditionals="0" methods="5" coveredmethods="4"/>
          <line num="42" count="2" type="stmt"/>
          <line num="44" count="2" type="stmt"/>
          <line num="47" count="4" type="stmt"/>
          <line num="55" count="5" type="stmt"/>
          <line num="56" count="5" type="stmt"/>
          <line num="60" count="4" type="stmt"/>
          <line num="61" count="4" type="stmt"/>
          <line num="65" count="4" type="stmt"/>
          <line num="69" count="0" type="stmt"/>
          <line num="73" count="4" type="stmt"/>
        </file>
        <file name="LandingView.vue" path="F:\Assignments\My Git Projects\bismillah\vue-movies-master\src\views\LandingView.vue">
          <metrics statements="29" coveredstatements="14" conditionals="6" coveredconditionals="0" methods="7" coveredmethods="6"/>
          <line num="32" count="2" type="stmt"/>
          <line num="33" count="2" type="stmt"/>
          <line num="34" count="2" type="stmt"/>
          <line num="35" count="2" type="stmt"/>
          <line num="44" count="5" type="stmt"/>
          <line num="86" count="5" type="stmt"/>
          <line num="90" count="6" type="stmt"/>
          <line num="92" count="6" type="stmt"/>
          <line num="96" count="5" type="stmt"/>
          <line num="97" count="5" type="stmt"/>
          <line num="98" count="5" type="stmt"/>
          <line num="99" count="0" type="stmt"/>
          <line num="100" count="0" type="stmt"/>
          <line num="101" count="0" type="stmt"/>
          <line num="105" count="5" type="stmt"/>
          <line num="128" count="0" type="stmt"/>
          <line num="129" count="0" type="stmt"/>
          <line num="133" count="5" type="stmt"/>
          <line num="135" count="5" type="stmt"/>
          <line num="141" count="0" type="stmt"/>
          <line num="142" count="0" type="stmt"/>
          <line num="143" count="0" type="stmt"/>
          <line num="144" count="0" type="stmt"/>
          <line num="145" count="0" type="cond" truecount="0" falsecount="2"/>
          <line num="146" count="0" type="stmt"/>
          <line num="148" count="0" type="cond" truecount="0" falsecount="4"/>
          <line num="149" count="0" type="stmt"/>
          <line num="153" count="0" type="stmt"/>
          <line num="156" count="0" type="stmt"/>
        </file>
        <file name="SearchView.vue" path="F:\Assignments\My Git Projects\bismillah\vue-movies-master\src\views\SearchView.vue">
          <metrics statements="21" coveredstatements="16" conditionals="4" coveredconditionals="2" methods="5" coveredmethods="5"/>
          <line num="18" count="2" type="stmt"/>
          <line num="19" count="2" type="stmt"/>
          <line num="20" count="2" type="stmt"/>
          <line num="28" count="3" type="stmt"/>
          <line num="39" count="3" type="cond" truecount="1" falsecount="1"/>
          <line num="40" count="3" type="stmt"/>
          <line num="45" count="4" type="stmt"/>
          <line num="46" count="4" type="stmt"/>
          <line num="50" count="3" type="stmt"/>
          <line num="51" count="3" type="stmt"/>
          <line num="52" count="3" type="stmt"/>
          <line num="53" count="3" type="cond" truecount="1" falsecount="1"/>
          <line num="54" count="3" type="stmt"/>
          <line num="55" count="0" type="stmt"/>
          <line num="57" count="0" type="stmt"/>
          <line num="60" count="3" type="stmt"/>
          <line num="63" count="3" type="stmt"/>
          <line num="64" count="3" type="stmt"/>
          <line num="86" count="0" type="stmt"/>
          <line num="89" count="0" type="stmt"/>
          <line num="90" count="0" type="stmt"/>
        </file>
      </package>
    </metrics>
  </project>
</coverage>
