{"F:\\Assignments\\My Git Projects\\bismillah\\vue-movies-master\\src\\App.vue": {"path":"F:\\Assignments\\My Git Projects\\bismillah\\vue-movies-master\\src\\App.vue","statementMap":{"0":{"start":{"line":17,"column":0},"end":{"line":null,"column":-1}},"1":{"start":{"line":18,"column":0},"end":{"line":null,"column":-1}}},"fnMap":{},"branchMap":{},"s":{"0":1,"1":1},"f":{},"b":{}}
,"F:\\Assignments\\My Git Projects\\bismillah\\vue-movies-master\\src\\router.js": {"path":"F:\\Assignments\\My Git Projects\\bismillah\\vue-movies-master\\src\\router.js","statementMap":{"0":{"start":{"line":7,"column":0},"end":{"line":7,"column":16}}},"fnMap":{},"branchMap":{},"s":{"0":1},"f":{},"b":{},"_coverageSchema":"332fd63041d2c1bcb487cc26dd0d5f7d97098a6c","hash":"ae552a3f18bfae1eb30ee096189d7468960665f7"}
,"F:\\Assignments\\My Git Projects\\bismillah\\vue-movies-master\\src\\components\\Header.vue": {"path":"F:\\Assignments\\My Git Projects\\bismillah\\vue-movies-master\\src\\components\\Header.vue","statementMap":{"0":{"start":{"line":19,"column":0},"end":{"line":null,"column":-1}},"1":{"start":{"line":25,"column":0},"end":{"line":null,"column":-1}}},"fnMap":{},"branchMap":{},"s":{"0":2,"1":3},"f":{},"b":{}}
,"F:\\Assignments\\My Git Projects\\bismillah\\vue-movies-master\\src\\components\\ItemList.vue": {"path":"F:\\Assignments\\My Git Projects\\bismillah\\vue-movies-master\\src\\components\\ItemList.vue","statementMap":{"0":{"start":{"line":13,"column":0},"end":{"line":null,"column":-1}}},"fnMap":{},"branchMap":{},"s":{"0":4},"f":{},"b":{}}
,"F:\\Assignments\\My Git Projects\\bismillah\\vue-movies-master\\src\\components\\ItemListMore.vue": {"path":"F:\\Assignments\\My Git Projects\\bismillah\\vue-movies-master\\src\\components\\ItemListMore.vue","statementMap":{"0":{"start":{"line":15,"column":0},"end":{"line":null,"column":-1}}},"fnMap":{},"branchMap":{},"s":{"0":1},"f":{},"b":{}}
,"F:\\Assignments\\My Git Projects\\bismillah\\vue-movies-master\\src\\components\\Search.vue": {"path":"F:\\Assignments\\My Git Projects\\bismillah\\vue-movies-master\\src\\components\\Search.vue","statementMap":{"0":{"start":{"line":21,"column":0},"end":{"line":null,"column":-1}},"1":{"start":{"line":27,"column":0},"end":{"line":30,"column":0}},"2":{"start":{"line":28,"column":0},"end":{"line":null,"column":-1}},"3":{"start":{"line":29,"column":0},"end":{"line":null,"column":-1}},"4":{"start":{"line":33,"column":0},"end":{"line":null,"column":-1}}},"fnMap":{},"branchMap":{"0":{"loc":{"start":{"line":27,"column":0},"end":{"line":30,"column":0}},"type":"if","locations":[{"start":{"line":27,"column":0},"end":{"line":30,"column":0}},{"start":{"line":27,"column":0},"end":{"line":30,"column":0}}]}},"s":{"0":5,"1":0,"2":0,"3":0,"4":0},"f":{},"b":{"0":[0,0]}}
,"F:\\Assignments\\My Git Projects\\bismillah\\vue-movies-master\\src\\components\\TvCard.vue": {"path":"F:\\Assignments\\My Git Projects\\bismillah\\vue-movies-master\\src\\components\\TvCard.vue","statementMap":{"0":{"start":{"line":24,"column":0},"end":{"line":null,"column":-1}}},"fnMap":{},"branchMap":{},"s":{"0":0},"f":{},"b":{}}
,"F:\\Assignments\\My Git Projects\\bismillah\\vue-movies-master\\src\\views\\DetailsView.vue": {"path":"F:\\Assignments\\My Git Projects\\bismillah\\vue-movies-master\\src\\views\\DetailsView.vue","statementMap":{"0":{"start":{"line":42,"column":0},"end":{"line":null,"column":-1}},"1":{"start":{"line":44,"column":0},"end":{"line":null,"column":-1}},"2":{"start":{"line":47,"column":0},"end":{"line":null,"column":-1}},"3":{"start":{"line":55,"column":0},"end":{"line":57,"column":0}},"4":{"start":{"line":56,"column":0},"end":{"line":null,"column":-1}},"5":{"start":{"line":60,"column":0},"end":{"line":66,"column":0}},"6":{"start":{"line":61,"column":0},"end":{"line":null,"column":-1}},"7":{"start":{"line":65,"column":0},"end":{"line":null,"column":-1}},"8":{"start":{"line":69,"column":0},"end":{"line":null,"column":-1}},"9":{"start":{"line":73,"column":0},"end":{"line":null,"column":-1}}},"fnMap":{"0":{"name":"(anonymous_1)","decl":{"start":{"line":54,"column":0},"end":{"line":null,"column":-1}},"loc":{"start":{"line":54,"column":0},"end":{"line":58,"column":0}}},"1":{"name":"(anonymous_2)","decl":{"start":{"line":55,"column":0},"end":{"line":null,"column":-1}},"loc":{"start":{"line":55,"column":0},"end":{"line":57,"column":0}}},"2":{"name":"(anonymous_3)","decl":{"start":{"line":60,"column":0},"end":{"line":null,"column":-1}},"loc":{"start":{"line":60,"column":0},"end":{"line":62,"column":0}}},"3":{"name":"(anonymous_4)","decl":{"start":{"line":62,"column":0},"end":{"line":null,"column":-1}},"loc":{"start":{"line":62,"column":0},"end":{"line":64,"column":0}}},"4":{"name":"(anonymous_5)","decl":{"start":{"line":64,"column":0},"end":{"line":null,"column":-1}},"loc":{"start":{"line":64,"column":0},"end":{"line":66,"column":0}}}},"branchMap":{},"s":{"0":2,"1":2,"2":4,"3":5,"4":5,"5":4,"6":4,"7":4,"8":0,"9":4},"f":{"0":5,"1":5,"2":4,"3":0,"4":4},"b":{}}
,"F:\\Assignments\\My Git Projects\\bismillah\\vue-movies-master\\src\\views\\LandingView.vue": {"path":"F:\\Assignments\\My Git Projects\\bismillah\\vue-movies-master\\src\\views\\LandingView.vue","statementMap":{"0":{"start":{"line":32,"column":0},"end":{"line":null,"column":-1}},"1":{"start":{"line":33,"column":0},"end":{"line":null,"column":-1}},"2":{"start":{"line":34,"column":0},"end":{"line":null,"column":-1}},"3":{"start":{"line":35,"column":0},"end":{"line":null,"column":-1}},"4":{"start":{"line":44,"column":0},"end":{"line":null,"column":-1}},"5":{"start":{"line":86,"column":0},"end":{"line":null,"column":-1}},"6":{"start":{"line":90,"column":0},"end":{"line":93,"column":0}},"7":{"start":{"line":92,"column":0},"end":{"line":null,"column":-1}},"8":{"start":{"line":96,"column":0},"end":{"line":106,"column":0}},"9":{"start":{"line":97,"column":0},"end":{"line":null,"column":-1}},"10":{"start":{"line":98,"column":0},"end":{"line":null,"column":-1}},"11":{"start":{"line":99,"column":0},"end":{"line":null,"column":-1}},"12":{"start":{"line":100,"column":0},"end":{"line":null,"column":-1}},"13":{"start":{"line":101,"column":0},"end":{"line":null,"column":-1}},"14":{"start":{"line":105,"column":0},"end":{"line":null,"column":-1}},"15":{"start":{"line":128,"column":0},"end":{"line":null,"column":-1}},"16":{"start":{"line":129,"column":0},"end":{"line":null,"column":-1}},"17":{"start":{"line":133,"column":0},"end":{"line":136,"column":0}},"18":{"start":{"line":135,"column":0},"end":{"line":null,"column":-1}},"19":{"start":{"line":141,"column":0},"end":{"line":null,"column":-1}},"20":{"start":{"line":142,"column":0},"end":{"line":152,"column":0}},"21":{"start":{"line":143,"column":0},"end":{"line":null,"column":-1}},"22":{"start":{"line":144,"column":0},"end":{"line":151,"column":0}},"23":{"start":{"line":145,"column":0},"end":{"line":147,"column":0}},"24":{"start":{"line":146,"column":0},"end":{"line":null,"column":-1}},"25":{"start":{"line":148,"column":0},"end":{"line":150,"column":0}},"26":{"start":{"line":149,"column":0},"end":{"line":null,"column":-1}},"27":{"start":{"line":153,"column":0},"end":{"line":null,"column":-1}},"28":{"start":{"line":156,"column":0},"end":{"line":null,"column":-1}}},"fnMap":{"0":{"name":"(anonymous_1)","decl":{"start":{"line":89,"column":0},"end":{"line":null,"column":-1}},"loc":{"start":{"line":89,"column":0},"end":{"line":94,"column":0}}},"1":{"name":"(anonymous_2)","decl":{"start":{"line":90,"column":0},"end":{"line":null,"column":-1}},"loc":{"start":{"line":90,"column":0},"end":{"line":93,"column":0}}},"2":{"name":"(anonymous_3)","decl":{"start":{"line":96,"column":0},"end":{"line":null,"column":-1}},"loc":{"start":{"line":96,"column":0},"end":{"line":102,"column":0}}},"3":{"name":"(anonymous_4)","decl":{"start":{"line":102,"column":0},"end":{"line":null,"column":-1}},"loc":{"start":{"line":102,"column":0},"end":{"line":104,"column":0}}},"4":{"name":"(anonymous_5)","decl":{"start":{"line":104,"column":0},"end":{"line":null,"column":-1}},"loc":{"start":{"line":104,"column":0},"end":{"line":106,"column":0}}},"5":{"name":"(anonymous_6)","decl":{"start":{"line":133,"column":0},"end":{"line":null,"column":-1}},"loc":{"start":{"line":133,"column":0},"end":{"line":136,"column":0}}},"6":{"name":"(anonymous_7)","decl":{"start":{"line":144,"column":0},"end":{"line":null,"column":-1}},"loc":{"start":{"line":144,"column":0},"end":{"line":151,"column":0}}}},"branchMap":{"0":{"loc":{"start":{"line":145,"column":0},"end":{"line":147,"column":0}},"type":"if","locations":[{"start":{"line":145,"column":0},"end":{"line":147,"column":0}},{"start":{"line":145,"column":0},"end":{"line":147,"column":0}}]},"1":{"loc":{"start":{"line":148,"column":0},"end":{"line":150,"column":0}},"type":"if","locations":[{"start":{"line":148,"column":0},"end":{"line":150,"column":0}},{"start":{"line":148,"column":0},"end":{"line":150,"column":0}}]},"2":{"loc":{"start":{"line":148,"column":0},"end":{"line":null,"column":-1}},"type":"binary-expr","locations":[{"start":{"line":148,"column":0},"end":{"line":null,"column":-1}},{"start":{"line":148,"column":0},"end":{"line":null,"column":-1}}]}},"s":{"0":2,"1":2,"2":2,"3":2,"4":5,"5":5,"6":6,"7":6,"8":5,"9":5,"10":5,"11":0,"12":0,"13":0,"14":5,"15":0,"16":0,"17":5,"18":5,"19":0,"20":0,"21":0,"22":0,"23":0,"24":0,"25":0,"26":0,"27":0,"28":0},"f":{"0":6,"1":6,"2":5,"3":5,"4":5,"5":5,"6":0},"b":{"0":[0,0],"1":[0,0],"2":[0,0]}}
,"F:\\Assignments\\My Git Projects\\bismillah\\vue-movies-master\\src\\views\\SearchView.vue": {"path":"F:\\Assignments\\My Git Projects\\bismillah\\vue-movies-master\\src\\views\\SearchView.vue","statementMap":{"0":{"start":{"line":18,"column":0},"end":{"line":null,"column":-1}},"1":{"start":{"line":19,"column":0},"end":{"line":null,"column":-1}},"2":{"start":{"line":20,"column":0},"end":{"line":null,"column":-1}},"3":{"start":{"line":28,"column":0},"end":{"line":null,"column":-1}},"4":{"start":{"line":39,"column":0},"end":{"line":41,"column":0}},"5":{"start":{"line":40,"column":0},"end":{"line":null,"column":-1}},"6":{"start":{"line":45,"column":0},"end":{"line":47,"column":0}},"7":{"start":{"line":46,"column":0},"end":{"line":null,"column":-1}},"8":{"start":{"line":50,"column":0},"end":{"line":null,"column":-1}},"9":{"start":{"line":51,"column":0},"end":{"line":null,"column":-1}},"10":{"start":{"line":52,"column":0},"end":{"line":65,"column":0}},"11":{"start":{"line":53,"column":0},"end":{"line":58,"column":0}},"12":{"start":{"line":54,"column":0},"end":{"line":56,"column":0}},"13":{"start":{"line":55,"column":0},"end":{"line":null,"column":-1}},"14":{"start":{"line":57,"column":0},"end":{"line":null,"column":-1}},"15":{"start":{"line":60,"column":0},"end":{"line":null,"column":-1}},"16":{"start":{"line":63,"column":0},"end":{"line":null,"column":-1}},"17":{"start":{"line":64,"column":0},"end":{"line":null,"column":-1}},"18":{"start":{"line":86,"column":0},"end":{"line":null,"column":-1}},"19":{"start":{"line":89,"column":0},"end":{"line":null,"column":-1}},"20":{"start":{"line":90,"column":0},"end":{"line":null,"column":-1}}},"fnMap":{"0":{"name":"(anonymous_1)","decl":{"start":{"line":44,"column":0},"end":{"line":null,"column":-1}},"loc":{"start":{"line":44,"column":0},"end":{"line":48,"column":0}}},"1":{"name":"(anonymous_2)","decl":{"start":{"line":45,"column":0},"end":{"line":null,"column":-1}},"loc":{"start":{"line":45,"column":0},"end":{"line":47,"column":0}}},"2":{"name":"(anonymous_3)","decl":{"start":{"line":52,"column":0},"end":{"line":null,"column":-1}},"loc":{"start":{"line":52,"column":0},"end":{"line":59,"column":0}}},"3":{"name":"(anonymous_4)","decl":{"start":{"line":59,"column":0},"end":{"line":null,"column":-1}},"loc":{"start":{"line":59,"column":0},"end":{"line":62,"column":0}}},"4":{"name":"(anonymous_5)","decl":{"start":{"line":62,"column":0},"end":{"line":null,"column":-1}},"loc":{"start":{"line":62,"column":0},"end":{"line":65,"column":0}}}},"branchMap":{"0":{"loc":{"start":{"line":39,"column":0},"end":{"line":41,"column":0}},"type":"if","locations":[{"start":{"line":39,"column":0},"end":{"line":41,"column":0}},{"start":{"line":39,"column":0},"end":{"line":41,"column":0}}]},"1":{"loc":{"start":{"line":53,"column":0},"end":{"line":58,"column":0}},"type":"if","locations":[{"start":{"line":53,"column":0},"end":{"line":58,"column":0}},{"start":{"line":53,"column":0},"end":{"line":58,"column":0}}]}},"s":{"0":2,"1":2,"2":2,"3":3,"4":3,"5":3,"6":4,"7":4,"8":3,"9":3,"10":3,"11":3,"12":3,"13":0,"14":0,"15":3,"16":3,"17":3,"18":0,"19":0,"20":0},"f":{"0":4,"1":4,"2":3,"3":3,"4":3},"b":{"0":[3,0],"1":[3,0]}}
}
