TN:
SF:F:\Assignments\My Git Projects\bismillah\vue-movies-master\src\App.vue
FNF:0
FNH:0
DA:17,1
DA:18,1
LF:2
LH:2
BRF:0
BRH:0
end_of_record
TN:
SF:F:\Assignments\My Git Projects\bismillah\vue-movies-master\src\router.js
FNF:0
FNH:0
DA:7,1
LF:1
LH:1
BRF:0
BRH:0
end_of_record
TN:
SF:F:\Assignments\My Git Projects\bismillah\vue-movies-master\src\components\Header.vue
FNF:0
FNH:0
DA:19,2
DA:25,3
LF:2
LH:2
BRF:0
BRH:0
end_of_record
TN:
SF:F:\Assignments\My Git Projects\bismillah\vue-movies-master\src\components\ItemList.vue
FNF:0
FNH:0
DA:13,4
LF:1
LH:1
BRF:0
BRH:0
end_of_record
TN:
SF:F:\Assignments\My Git Projects\bismillah\vue-movies-master\src\components\ItemListMore.vue
FNF:0
FNH:0
DA:15,1
LF:1
LH:1
BRF:0
BRH:0
end_of_record
TN:
SF:F:\Assignments\My Git Projects\bismillah\vue-movies-master\src\components\Search.vue
FNF:0
FNH:0
DA:21,5
DA:27,0
DA:28,0
DA:29,0
DA:33,0
LF:5
LH:1
BRDA:27,0,0,0
BRDA:27,0,1,0
BRF:2
BRH:0
end_of_record
TN:
SF:F:\Assignments\My Git Projects\bismillah\vue-movies-master\src\components\TvCard.vue
FNF:0
FNH:0
DA:24,0
LF:1
LH:0
BRF:0
BRH:0
end_of_record
TN:
SF:F:\Assignments\My Git Projects\bismillah\vue-movies-master\src\views\DetailsView.vue
FN:54,(anonymous_1)
FN:55,(anonymous_2)
FN:60,(anonymous_3)
FN:62,(anonymous_4)
FN:64,(anonymous_5)
FNF:5
FNH:4
FNDA:5,(anonymous_1)
FNDA:5,(anonymous_2)
FNDA:4,(anonymous_3)
FNDA:0,(anonymous_4)
FNDA:4,(anonymous_5)
DA:42,2
DA:44,2
DA:47,4
DA:55,5
DA:56,5
DA:60,4
DA:61,4
DA:65,4
DA:69,0
DA:73,4
LF:10
LH:9
BRF:0
BRH:0
end_of_record
TN:
SF:F:\Assignments\My Git Projects\bismillah\vue-movies-master\src\views\LandingView.vue
FN:89,(anonymous_1)
FN:90,(anonymous_2)
FN:96,(anonymous_3)
FN:102,(anonymous_4)
FN:104,(anonymous_5)
FN:133,(anonymous_6)
FN:144,(anonymous_7)
FNF:7
FNH:6
FNDA:6,(anonymous_1)
FNDA:6,(anonymous_2)
FNDA:5,(anonymous_3)
FNDA:5,(anonymous_4)
FNDA:5,(anonymous_5)
FNDA:5,(anonymous_6)
FNDA:0,(anonymous_7)
DA:32,2
DA:33,2
DA:34,2
DA:35,2
DA:44,5
DA:86,5
DA:90,6
DA:92,6
DA:96,5
DA:97,5
DA:98,5
DA:99,0
DA:100,0
DA:101,0
DA:105,5
DA:128,0
DA:129,0
DA:133,5
DA:135,5
DA:141,0
DA:142,0
DA:143,0
DA:144,0
DA:145,0
DA:146,0
DA:148,0
DA:149,0
DA:153,0
DA:156,0
LF:29
LH:14
BRDA:145,0,0,0
BRDA:145,0,1,0
BRDA:148,1,0,0
BRDA:148,1,1,0
BRDA:148,2,0,0
BRDA:148,2,1,0
BRF:6
BRH:0
end_of_record
TN:
SF:F:\Assignments\My Git Projects\bismillah\vue-movies-master\src\views\SearchView.vue
FN:44,(anonymous_1)
FN:45,(anonymous_2)
FN:52,(anonymous_3)
FN:59,(anonymous_4)
FN:62,(anonymous_5)
FNF:5
FNH:5
FNDA:4,(anonymous_1)
FNDA:4,(anonymous_2)
FNDA:3,(anonymous_3)
FNDA:3,(anonymous_4)
FNDA:3,(anonymous_5)
DA:18,2
DA:19,2
DA:20,2
DA:28,3
DA:39,3
DA:40,3
DA:45,4
DA:46,4
DA:50,3
DA:51,3
DA:52,3
DA:53,3
DA:54,3
DA:55,0
DA:57,0
DA:60,3
DA:63,3
DA:64,3
DA:86,0
DA:89,0
DA:90,0
LF:21
LH:16
BRDA:39,0,0,3
BRDA:39,0,1,0
BRDA:53,1,0,3
BRDA:53,1,1,0
BRF:4
BRH:2
end_of_record
